Building DAG of jobs...
Using shell: /Users/katekistler/.nextstrain/runtimes/conda/env/bin/bash
Provided cores: 8
Rules claiming more threads will be scaled down.
Job stats:
job          count
---------  -------
ancestral        1
translate        1
total            2

Select jobs to execute...

[Fri Oct  6 15:04:54 2023]
Job 5: Reconstructing ancestral sequences and mutations
Reason: Updated input files: results/aligned.fasta, results/tree.nwk


        augur ancestral             --tree results/tree.nwk             --alignment results/aligned.fasta             --output-node-data results/nt_muts.json             --inference joint
        
[Fri Oct  6 15:04:58 2023]
Finished job 5.
1 of 2 steps (50%) done
Select jobs to execute...

[Fri Oct  6 15:04:58 2023]
Job 0: Translating amino acid sequences
Reason: Input files updated by another job: results/nt_muts.json


        augur translate             --tree results/tree.nwk             --ancestral-sequences results/nt_muts.json             --reference-sequence config/reference.gb             --output results/aa_muts.json         
[Fri Oct  6 15:05:00 2023]
Finished job 0.
2 of 2 steps (100%) done
Complete log: .snakemake/log/2023-10-06T150453.116977.snakemake.log
