Building DAG of jobs...
Using shell: /Users/katekistler/.nextstrain/runtimes/conda/env/bin/bash
Provided cores: 8
Rules claiming more threads will be scaled down.
Job stats:
job       count
------  -------
refine        1
tree          1
total         2

Select jobs to execute...

[Fri Oct  6 15:15:45 2023]
Job 1: Building tree
Reason: Updated input files: results/aligned.fasta


        augur tree             --alignment results/aligned.fasta             --output results/tree_raw.nwk
        
[Fri Oct  6 15:15:49 2023]
Finished job 1.
1 of 2 steps (50%) done
Select jobs to execute...

[Fri Oct  6 15:15:49 2023]
Job 0: 
        Refining tree
        
Reason: Input files updated by another job: results/tree_raw.nwk


        augur refine             --tree results/tree_raw.nwk             --alignment results/aligned.fasta             --metadata ../ingest/results/subset_metadata.tsv             --output-tree results/tree.nwk             --output-node-data results/branch_lengths.json             --timetree             --coalescent opt             --date-confidence             --date-inference marginal             --clock-filter-iqd 4
        
[Fri Oct  6 15:17:02 2023]
Finished job 0.
2 of 2 steps (100%) done
Complete log: .snakemake/log/2023-10-06T151544.915205.snakemake.log
