Building DAG of jobs...
Using shell: /Users/katekistler/.nextstrain/runtimes/conda/env/bin/bash
Provided cores: 8
Rules claiming more threads will be scaled down.
Job stats:
job       count
------  -------
align         1
filter        1
total         2

Select jobs to execute...

[Fri Oct  6 13:52:05 2023]
Job 1: 
        Filtering to
          - 5000 sequence(s) per country
          - minimum genome length of 20000
        
Reason: Missing output files: results/filtered.fasta


        augur filter             --sequences sequences.fasta             --metadata subset_metadata.tsv             --exclude config/dropped_strains.txt             --output results/filtered.fasta             --group-by country             --sequences-per-group 5000             --min-length 20000
        
[Fri Oct  6 13:52:06 2023]
Error in rule filter:
    jobid: 1
    input: sequences.fasta, subset_metadata.tsv, config/dropped_strains.txt
    output: results/filtered.fasta
    log: logs/filter.txt (check log file(s) for error details)
    shell:
        
        augur filter             --sequences sequences.fasta             --metadata subset_metadata.tsv             --exclude config/dropped_strains.txt             --output results/filtered.fasta             --group-by country             --sequences-per-group 5000             --min-length 20000
        
        (one of the commands exited with non-zero exit code; note that snakemake uses bash strict mode!)

Shutting down, this might take some time.
Exiting because a job execution failed. Look above for error message
Complete log: .snakemake/log/2023-10-06T135204.788579.snakemake.log
