Building DAG of jobs...
Using shell: /Users/katekistler/.nextstrain/runtimes/conda/env/bin/bash
Provided cores: 8
Rules claiming more threads will be scaled down.
Job stats:
job       count
------  -------
align         1
filter        1
total         2

Select jobs to execute...

[Fri Oct  6 14:20:17 2023]
Job 1: 
        Filtering to
          - 5000 sequence(s) per country
          - minimum genome length of 20000
        
Reason: Missing output files: results/filtered.fasta


        augur filter             --sequences ../ingest/results/sequences.fasta             --metadata ../ingest/results/subset_metadata.tsv             --exclude config/dropped_strains.txt             --output results/filtered.fasta             --group-by country             --sequences-per-group 5000             --min-length 20000
        
[Fri Oct  6 14:20:18 2023]
Finished job 1.
1 of 2 steps (50%) done
Select jobs to execute...

[Fri Oct  6 14:20:18 2023]
Job 0: 
        Aligning sequences to config/reference.gb
          - filling gaps with N
        
Reason: Missing output files: results/aligned.fasta; Input files updated by another job: results/filtered.fasta


        augur align             --sequences results/filtered.fasta             --reference-sequence config/reference.gb             --output results/aligned.fasta             --remove-reference             --fill-gaps
        
[Fri Oct  6 14:22:56 2023]
Finished job 0.
2 of 2 steps (100%) done
Complete log: .snakemake/log/2023-10-06T142016.427565.snakemake.log
