Building DAG of jobs...
Using shell: /Users/katekistler/.nextstrain/runtimes/conda/env/bin/bash
Provided cores: 8
Rules claiming more threads will be scaled down.
Job stats:
job       count
------  -------
filter        1
total         1

Select jobs to execute...

[Fri Oct  6 14:59:20 2023]
Job 0: 
        Filtering to
          - 5000 sequence(s) per country
          - minimum genome length of 20000
        
Reason: Code has changed since last execution


        augur filter             --sequences ../ingest/results/sequences.fasta             --metadata ../ingest/results/subset_metadata.tsv             --exclude config/dropped_strains.txt             --exclude-where 'host!=Homo sapiens'             --output results/filtered.fasta             --group-by country             --sequences-per-group 5000             --min-length 20000
        
[Fri Oct  6 14:59:21 2023]
Finished job 0.
1 of 1 steps (100%) done
Complete log: .snakemake/log/2023-10-06T145919.731158.snakemake.log
