IQ-TREE multicore version 2.2.5 COVID-edition for Mac OS X 64-bit built Sep 15 2023
Developed by Bui Quang Minh, James Barbetti, Nguyen Lam Tung,
Olga Chernomor, Heiko Schmidt, Dominik Schrempf, Michael Woodhams, Ly Trong Nhan.

Host:    MacBook-Pro-5.local (SSE4.2, 8 GB RAM)
Command: iqtree2 -ntmax 1 -s results/aligned-delim.fasta -m GTR -ninit 2 -n 2 -me 0.05 -nt AUTO -redo
Seed:    74333 (Using SPRNG - Scalable Parallel Random Number Generator)
Time:    Fri Oct  6 15:29:28 2023
Kernel:  SSE2 - auto-detect threads (8 CPU cores detected)

Reading alignment file results/aligned-delim.fasta ... Fasta format detected
Reading fasta file: done in 0.051887 secs using 92.17% CPU
Alignment most likely contains DNA/RNA sequences
Constructing alignment: done in 0.0272 secs using 82.65% CPU
Alignment has 114 sequences with 27317 columns, 1705 distinct patterns
1000 parsimony-informative, 865 singleton sites, 25452 constant sites
            Gap/Ambiguity  Composition  p-value
Analyzing sequences: done in 0.000515938 secs using 66.09% CPU
   1  KF293666.1    1.54%    passed     91.78%
   2  KF293665.1    1.54%    passed     90.98%
   3  KF293664.1    1.54%    passed     90.98%
   4  KY369914.1    0.33%    passed     99.96%
   5  KY369912.1    0.48%    passed    100.00%
   6  ON554100.1    0.62%    passed     99.98%
   7  ON554106.1    0.50%    passed     99.82%
   8  ON554103.1    0.31%    passed     99.82%
   9  ON729316.1    0.49%    passed     99.66%
  10  MN306046.1    0.27%    passed     99.96%
  11  ON554129.1    0.45%    passed     99.96%
  12  ON554125.1    0.43%    passed     99.97%
  13  ON554128.1    0.39%    passed     99.95%
  14  MW587037.1    0.36%    passed     99.98%
  15  MW587038.1    1.01%    passed     99.96%
  16  ON554127.1    0.36%    passed     99.93%
  17  ON554126.1    0.47%    passed     99.86%
  18  MW800646.1    1.07%    passed     99.95%
  19  OK073082.1    0.27%    passed     99.29%
  20  OK073079.1    0.22%    passed     99.24%
  21  OK073078.1    0.43%    passed     99.62%
  22  MW532104.1    0.39%    passed     99.96%
  23  OK073083.1    0.23%    passed     99.38%
  24  OK073077.1    0.22%    passed     99.41%
  25  ON554139.1    0.41%    passed     99.89%
  26  ON554137.1    0.39%    passed     99.88%
  27  ON554135.1    0.40%    passed     99.93%
  28  ON554138.1    0.36%    passed     99.93%
  29  ON554136.1    0.38%    passed     99.85%
  30  MT797634.1    0.30%    passed     99.99%
  31  ON554117.1    0.34%    passed    100.00%
  32  ON554115.1    0.41%    passed     99.96%
  33  ON554113.1    0.40%    passed     99.98%
  34  ON554105.1    0.56%    passed     99.99%
  35  ON554099.1    0.50%    passed     99.98%
  36  OK073084.1    0.37%    passed     99.06%
  37  ON554131.1    0.51%    passed     99.98%
  38  ON554120.1    0.50%    passed     99.97%
  39  ON554109.1    0.30%    passed     99.87%
  40  ON554110.1    0.41%    passed     99.99%
  41  ON554101.1    0.51%    passed     99.90%
  42  ON554098.1    0.47%    passed     99.97%
  43  ON554104.1    2.04%    passed     99.01%
  44  ON554116.1    0.45%    passed     99.98%
  45  ON554108.1    0.40%    passed     99.98%
  46  ON554118.1    0.40%    passed     99.97%
  47  ON554122.1    0.45%    passed     99.91%
  48  ON554119.1    0.56%    passed     99.94%
  49  ON554097.1    0.36%    passed     99.91%
  50  ON554114.1    0.38%    passed     99.90%
  51  ON554112.1    0.51%    passed     99.92%
  52  ON554111.1    0.36%    passed     99.95%
  53  MW532103.1    0.66%    passed     99.97%
  54  MN369046.1    0.97%    passed     99.99%
  55  ON554130.1    0.48%    passed     99.91%
  56  ON554121.1    0.29%    passed     99.97%
  57  ON554124.1    0.41%    passed     99.94%
  58  ON554123.1    0.42%    passed     99.90%
  59  MW587035.1    0.61%    passed     99.91%
  60  ON554102.1    0.52%    passed     99.81%
  61  ON554107.1    0.25%    passed     99.27%
  62  LC654445.1    0.21%    passed     99.50%
  63  MW587036.1   21.17%    passed     99.56%
  64  ON554134.1    0.45%    passed     99.87%
  65  ON554133.1    0.40%    passed     99.74%
  66  ON554132.1    0.41%    passed     99.17%
  67  MW532105.1    0.38%    passed     99.90%
  68  MT118677.1    0.36%    passed     99.93%
  69  KY684760.1    0.33%    passed     99.94%
  70  MW202340.1    0.40%    passed     99.72%
  71  LC654446.1    0.19%    passed     99.47%
  72  KY369913.1    0.37%    passed     98.71%
  73  KY369909.2    2.73%    passed    100.00%
  74  KY674914.1    1.16%    passed     99.37%
  75  KY621348.1    0.72%    passed     99.91%
  76  KY369908.1    0.54%    passed     99.99%
  77  KY967357.1    0.36%    passed     99.32%
  78  KY983587.1    0.39%    passed     99.96%
  79  MT438699.1    1.31%    passed     99.80%
  80  MT438697.1    0.21%    passed     98.80%
  81  MT438698.1    0.42%    passed     98.99%
  82  MF542265.1    0.27%    passed     99.77%
  83  KU291448.1    1.16%    passed     99.88%
  84  OR266946.1    0.60%    passed     99.04%
  85  ON791801.1    0.21%    passed     98.61%
  86  OR266951.1    4.58%    passed     98.56%
  87  OR266950.1    0.50%    passed     99.77%
  88  OK073081.1    0.91%    passed     99.22%
  89  OK073080.1    0.66%    passed     99.37%
  90  MT438700.1    0.18%    passed     98.39%
  91  JX503060.1    0.30%    passed    100.00%
  92  MW532106.1    0.63%    passed     99.65%
  93  MW532107.1    0.38%    passed     99.85%
  94  AB691767.2    0.25%    passed     99.84%
  95  KY674919.1    0.67%    passed     99.35%
  96  KY369911.1    0.42%    passed     99.91%
  97  KY369910.1    0.58%    passed     99.81%
  98  MT438696.1    0.23%    passed     99.24%
  99  ON461754.1    0.21%    passed     99.61%
 100  ON461753.1    0.31%    passed     99.25%
 101  ON461752.1    0.35%    passed     99.59%
 102  MW039392.1    1.85%    passed     96.54%
 103  ON461751.1    0.39%    passed     99.91%
 104  OR266952.1    1.98%    passed     99.91%
 105  MH828489.1    0.29%    passed     99.96%
 106  KF514433.1    0.64%    passed     98.34%
 107  KF514432.1    0.66%    passed     98.66%
 108  KF514430.1    0.63%    passed     99.35%
 109  KF514431.1   20.79%    passed     35.14%
 110  KF514429.1    7.66%    passed     75.16%
 111  AB691766.2    0.27%    passed     99.86%
 112  AB691765.2    0.26%    passed     99.82%
 113  AB691764.2    0.22%    passed     99.86%
 114  JX503061.1    0.48%    passed     98.97%
****  TOTAL         1.00%  0 sequences failed composition chi2 test (p-value<5%; df=3)
NOTE: KF293664.1 is identical to KF293665.1 but kept for subsequent analysis
Checking for duplicate sequences: done in 0.000496864 secs using 89.96% CPU

Create initial parsimony tree by phylogenetic likelihood library (PLL)... 0.014 seconds

NOTE: 6 MB RAM (0 GB) is required!
Measuring multi-threading efficiency up to 1 CPU cores
Increase to 10 rounds for branch lengths
14 trees examined
Threads: 1 / Time: 1.038 sec / Speedup: 1.000 / Efficiency: 100% / LogL: -95925
Determining AUTO threadcount: done in 1.0381 secs using 99.18% CPU
BEST NUMBER OF THREADS: 1

Estimate model parameters (epsilon = 0.500)
1. Initial log-likelihood: -59970.903
2. Current log-likelihood: -58929.094
Optimal log-likelihood: -58928.716
Rate parameters:  A-C: 1.15052  A-G: 1.67614  A-T: 0.41415  C-G: 0.30065  C-T: 4.74687  G-T: 1.00000
Base frequencies:  A: 0.272  C: 0.166  G: 0.215  T: 0.348
Parameters optimization took 2 rounds (0.300 sec)
Wrote distance file to... 
Computing ML distances based on estimated model parameters...
Calculating distance matrix: done in 0.0440352 secs using 98.55% CPU
Computing ML distances took 0.044843 sec (of wall-clock time) 0.043963 sec (of CPU time)
Setting up auxiliary I and S matrices: done in 0.000247955 secs using 183.1% CPU
Constructing RapidNJ tree: done in 0.000524044 secs using 187.6% CPU
Computing RapidNJ tree took 0.000957 sec (of wall-clock time) 0.001632 sec (of CPU time)
Log-likelihood of RapidNJ tree: -59095.882
--------------------------------------------------------------------
|             INITIALIZING CANDIDATE TREE SET                      |
--------------------------------------------------------------------

Do NNI search on 2 best initial trees
Optimizing NNI: done in 0.099762 secs using 197.8% CPU
Estimate model parameters (epsilon = 0.500)
BETTER TREE FOUND at iteration 1: -58928.222
Optimizing NNI: done in 0.173306 secs using 99.9% CPU
Finish initializing candidate tree set (4)
Current best tree score: -58928.222 / CPU time: 0.341
Number of iterations: 2
TREE SEARCH COMPLETED AFTER 2 ITERATIONS / Time: 0h:0m:1s

--------------------------------------------------------------------
|                    FINALIZING TREE SEARCH                        |
--------------------------------------------------------------------
Performs final model parameters optimization
Estimate model parameters (epsilon = 0.050)
1. Initial log-likelihood: -58928.222
Optimal log-likelihood: -58928.221
Rate parameters:  A-C: 1.15166  A-G: 1.67773  A-T: 0.41402  C-G: 0.30055  C-T: 4.74780  G-T: 1.00000
Base frequencies:  A: 0.272  C: 0.166  G: 0.215  T: 0.348
Parameters optimization took 1 rounds (0.060 sec)
BEST SCORE FOUND : -58928.221
Total tree length: 0.094

Total number of iterations: 2
CPU time used for tree search: 0.459 sec (0h:0m:0s)
Wall-clock time used for tree search: 0.342 sec (0h:0m:0s)
Total CPU time used: 2.075 sec (0h:0m:2s)
Total wall-clock time used: 1.905 sec (0h:0m:1s)

Analysis results written to: 
  IQ-TREE report:                results/aligned-delim.fasta.iqtree
  Maximum-likelihood tree:       results/aligned-delim.fasta.treefile
  Likelihood distances:          results/aligned-delim.fasta.mldist
  Screen log file:               results/aligned-delim.fasta.log

Date and Time: Fri Oct  6 15:29:30 2023
