Building DAG of jobs...
Using shell: /Users/katekistler/.nextstrain/runtimes/conda/env/bin/bash
Provided cores: 8
Rules claiming more threads will be scaled down.
Job stats:
job                count
---------------  -------
subset_metadata        1
total                  1

Select jobs to execute...

[Wed Oct  4 13:58:25 2023]
rule subset_metadata:
    input: results/all_metadata.tsv
    output: results/subset_metadata.tsv
    jobid: 0
    reason: Missing output files: results/subset_metadata.tsv
    resources: tmpdir=/var/folders/g_/6938g_6s199gxxswt2nf7w500000gn/T


        tsv-select -H -f accession strain date region country host sra_accession abbr_authors authors institution             results/all_metadata.tsv > results/subset_metadata.tsv
        
[Wed Oct  4 13:58:25 2023]
Error in rule subset_metadata:
    jobid: 0
    input: results/all_metadata.tsv
    output: results/subset_metadata.tsv
    shell:
        
        tsv-select -H -f accession strain date region country host sra_accession abbr_authors authors institution             results/all_metadata.tsv > results/subset_metadata.tsv
        
        (one of the commands exited with non-zero exit code; note that snakemake uses bash strict mode!)

Removing output files of failed job subset_metadata since they might be corrupted:
results/subset_metadata.tsv
Shutting down, this might take some time.
Exiting because a job execution failed. Look above for error message
Complete log: .snakemake/log/2023-10-04T135824.796354.snakemake.log
