Building DAG of jobs...
Using shell: /Users/katekistler/.nextstrain/runtimes/conda/env/bin/bash
Provided cores: 8
Rules claiming more threads will be scaled down.
Job stats:
job                               count    min threads    max threads
------------------------------  -------  -------------  -------------
extract_ncbi_dataset_sequences        1              1              1
fetch_ncbi_dataset_package            1              1              1
format_ncbi_dataset_report            1              1              1
format_ncbi_datasets_ndjson           1              1              1
total                                 4              1              1

Select jobs to execute...

[Wed Oct  4 13:10:55 2023]
rule fetch_ncbi_dataset_package:
    output: data/ncbi_dataset.zip
    jobid: 2
    benchmark: benchmarks/fetch_ncbi_dataset_package.txt
    reason: Missing output files: data/ncbi_dataset.zip
    resources: tmpdir=/var/folders/g_/6938g_6s199gxxswt2nf7w500000gn/T


        datasets download virus genome taxon              --no-progressbar             --filename data/ncbi_dataset.zip
        
[Wed Oct  4 13:10:57 2023]
Error in rule fetch_ncbi_dataset_package:
    jobid: 2
    output: data/ncbi_dataset.zip
    shell:
        
        datasets download virus genome taxon              --no-progressbar             --filename data/ncbi_dataset.zip
        
        (one of the commands exited with non-zero exit code; note that snakemake uses bash strict mode!)

Trying to restart job 2.
Select jobs to execute...

[Wed Oct  4 13:10:57 2023]
rule fetch_ncbi_dataset_package:
    output: data/ncbi_dataset.zip
    jobid: 2
    benchmark: benchmarks/fetch_ncbi_dataset_package.txt
    reason: Missing output files: data/ncbi_dataset.zip
    resources: tmpdir=/var/folders/g_/6938g_6s199gxxswt2nf7w500000gn/T


        datasets download virus genome taxon              --no-progressbar             --filename data/ncbi_dataset.zip
        
[Wed Oct  4 13:10:57 2023]
Error in rule fetch_ncbi_dataset_package:
    jobid: 2
    output: data/ncbi_dataset.zip
    shell:
        
        datasets download virus genome taxon              --no-progressbar             --filename data/ncbi_dataset.zip
        
        (one of the commands exited with non-zero exit code; note that snakemake uses bash strict mode!)

Trying to restart job 2.
Select jobs to execute...

[Wed Oct  4 13:10:57 2023]
rule fetch_ncbi_dataset_package:
    output: data/ncbi_dataset.zip
    jobid: 2
    benchmark: benchmarks/fetch_ncbi_dataset_package.txt
    reason: Missing output files: data/ncbi_dataset.zip
    resources: tmpdir=/var/folders/g_/6938g_6s199gxxswt2nf7w500000gn/T


        datasets download virus genome taxon              --no-progressbar             --filename data/ncbi_dataset.zip
        
[Wed Oct  4 13:10:57 2023]
Error in rule fetch_ncbi_dataset_package:
    jobid: 2
    output: data/ncbi_dataset.zip
    shell:
        
        datasets download virus genome taxon              --no-progressbar             --filename data/ncbi_dataset.zip
        
        (one of the commands exited with non-zero exit code; note that snakemake uses bash strict mode!)

Trying to restart job 2.
Select jobs to execute...

[Wed Oct  4 13:10:58 2023]
rule fetch_ncbi_dataset_package:
    output: data/ncbi_dataset.zip
    jobid: 2
    benchmark: benchmarks/fetch_ncbi_dataset_package.txt
    reason: Missing output files: data/ncbi_dataset.zip
    resources: tmpdir=/var/folders/g_/6938g_6s199gxxswt2nf7w500000gn/T


        datasets download virus genome taxon              --no-progressbar             --filename data/ncbi_dataset.zip
        
[Wed Oct  4 13:10:58 2023]
Error in rule fetch_ncbi_dataset_package:
    jobid: 2
    output: data/ncbi_dataset.zip
    shell:
        
        datasets download virus genome taxon              --no-progressbar             --filename data/ncbi_dataset.zip
        
        (one of the commands exited with non-zero exit code; note that snakemake uses bash strict mode!)

Trying to restart job 2.
Select jobs to execute...

[Wed Oct  4 13:10:58 2023]
rule fetch_ncbi_dataset_package:
    output: data/ncbi_dataset.zip
    jobid: 2
    benchmark: benchmarks/fetch_ncbi_dataset_package.txt
    reason: Missing output files: data/ncbi_dataset.zip
    resources: tmpdir=/var/folders/g_/6938g_6s199gxxswt2nf7w500000gn/T


        datasets download virus genome taxon              --no-progressbar             --filename data/ncbi_dataset.zip
        
[Wed Oct  4 13:10:58 2023]
Error in rule fetch_ncbi_dataset_package:
    jobid: 2
    output: data/ncbi_dataset.zip
    shell:
        
        datasets download virus genome taxon              --no-progressbar             --filename data/ncbi_dataset.zip
        
        (one of the commands exited with non-zero exit code; note that snakemake uses bash strict mode!)

Trying to restart job 2.
Select jobs to execute...

[Wed Oct  4 13:10:58 2023]
rule fetch_ncbi_dataset_package:
    output: data/ncbi_dataset.zip
    jobid: 2
    benchmark: benchmarks/fetch_ncbi_dataset_package.txt
    reason: Missing output files: data/ncbi_dataset.zip
    resources: tmpdir=/var/folders/g_/6938g_6s199gxxswt2nf7w500000gn/T


        datasets download virus genome taxon              --no-progressbar             --filename data/ncbi_dataset.zip
        
[Wed Oct  4 13:10:58 2023]
Error in rule fetch_ncbi_dataset_package:
    jobid: 2
    output: data/ncbi_dataset.zip
    shell:
        
        datasets download virus genome taxon              --no-progressbar             --filename data/ncbi_dataset.zip
        
        (one of the commands exited with non-zero exit code; note that snakemake uses bash strict mode!)

Shutting down, this might take some time.
Exiting because a job execution failed. Look above for error message
Complete log: .snakemake/log/2023-10-04T131035.865618.snakemake.log
