Building DAG of jobs...
Using shell: /Users/katekistler/.nextstrain/runtimes/conda/env/bin/bash
Provided cores: 8
Rules claiming more threads will be scaled down.
Job stats:
job                count
---------------  -------
subset_metadata        1
total                  1

Select jobs to execute...

[Wed Oct  4 14:03:13 2023]
rule subset_metadata:
    input: results/all_metadata.tsv
    output: results/subset_metadata.tsv
    jobid: 0
    reason: Missing output files: results/subset_metadata.tsv
    resources: tmpdir=/var/folders/g_/6938g_6s199gxxswt2nf7w500000gn/T


        tsv-select -H -f accession,strain,date,region,country,host,sra_accession,abbr_authors,authors,institution             results/all_metadata.tsv > results/subset_metadata.tsv
        
[Wed Oct  4 14:03:13 2023]
Finished job 0.
1 of 1 steps (100%) done
Complete log: .snakemake/log/2023-10-04T140312.669627.snakemake.log
