Building DAG of jobs...
Using shell: /Users/katekistler/.nextstrain/runtimes/conda/env/bin/bash
Provided cores: 8
Rules claiming more threads will be scaled down.
Job stats:
job                               count    min threads    max threads
------------------------------  -------  -------------  -------------
extract_ncbi_dataset_sequences        1              1              1
fetch_ncbi_dataset_package            1              1              1
format_ncbi_dataset_report            1              1              1
format_ncbi_datasets_ndjson           1              1              1
total                                 4              1              1

Select jobs to execute...

[Wed Oct  4 13:11:57 2023]
rule fetch_ncbi_dataset_package:
    output: data/ncbi_dataset.zip
    jobid: 2
    benchmark: benchmarks/fetch_ncbi_dataset_package.txt
    reason: Missing output files: data/ncbi_dataset.zip
    resources: tmpdir=/var/folders/g_/6938g_6s199gxxswt2nf7w500000gn/T


        datasets download virus genome taxon 11137             --no-progressbar             --filename data/ncbi_dataset.zip
        
[Wed Oct  4 13:12:01 2023]
Finished job 2.
1 of 4 steps (25%) done
Select jobs to execute...

[Wed Oct  4 13:12:03 2023]
rule format_ncbi_dataset_report:
    input: data/ncbi_dataset.zip
    output: data/ncbi_dataset_report.tsv
    jobid: 3
    benchmark: benchmarks/format_ncbi_dataset_report.txt
    reason: Missing output files: data/ncbi_dataset_report.tsv; Input files updated by another job: data/ncbi_dataset.zip
    resources: tmpdir=/var/folders/g_/6938g_6s199gxxswt2nf7w500000gn/T


        dataformat tsv virus-genome             --package data/ncbi_dataset.zip             --fields accession,sourcedb,sra-accs,isolate-lineage,geo-region,geo-location,isolate-collection-date,release-date,update-date,length,host-name,isolate-lineage-source,biosample-acc,submitter-names,submitter-affiliation,submitter-country             > data/ncbi_dataset_report.tsv
        

[Wed Oct  4 13:12:03 2023]
rule extract_ncbi_dataset_sequences:
    input: data/ncbi_dataset.zip
    output: data/ncbi_dataset_sequences.fasta
    jobid: 1
    benchmark: benchmarks/extract_ncbi_dataset_sequences.txt
    reason: Missing output files: data/ncbi_dataset_sequences.fasta; Input files updated by another job: data/ncbi_dataset.zip
    resources: tmpdir=/var/folders/g_/6938g_6s199gxxswt2nf7w500000gn/T


        unzip -jp data/ncbi_dataset.zip             ncbi_dataset/data/genomic.fna > data/ncbi_dataset_sequences.fasta
        
[Wed Oct  4 13:12:03 2023]
Finished job 1.
2 of 4 steps (50%) done
[Wed Oct  4 13:12:03 2023]
Finished job 3.
3 of 4 steps (75%) done
Removing temporary output data/ncbi_dataset.zip.
Select jobs to execute...

[Wed Oct  4 13:12:03 2023]
rule format_ncbi_datasets_ndjson:
    input: data/ncbi_dataset_sequences.fasta, data/ncbi_dataset_report.tsv
    output: data/ncbi.ndjson
    log: logs/format_ncbi_datasets_ndjson.txt
    jobid: 0
    benchmark: benchmarks/format_ncbi_datasets_ndjson.txt
    reason: Missing output files: data/ncbi.ndjson; Input files updated by another job: data/ncbi_dataset_report.tsv, data/ncbi_dataset_sequences.fasta
    resources: tmpdir=/var/folders/g_/6938g_6s199gxxswt2nf7w500000gn/T


        augur curate passthru             --metadata data/ncbi_dataset_report.tsv             --fasta data/ncbi_dataset_sequences.fasta             --seq-id-column Accession             --seq-field sequence             --unmatched-reporting warn             --duplicate-reporting warn             2> logs/format_ncbi_datasets_ndjson.txt > data/ncbi.ndjson
        
[Wed Oct  4 13:12:07 2023]
Finished job 0.
4 of 4 steps (100%) done
Removing temporary output data/ncbi_dataset_sequences.fasta.
Removing temporary output data/ncbi_dataset_report.tsv.
Complete log: .snakemake/log/2023-10-04T131156.458666.snakemake.log
